{
  "numFailedTestSuites": 4,
  "numFailedTests": 11,
  "numPassedTestSuites": 0,
  "numPassedTests": 46,
  "numPendingTestSuites": 0,
  "numPendingTests": 2,
  "numRuntimeErrorTestSuites": 1,
  "numTodoTests": 0,
  "numTotalTestSuites": 4,
  "numTotalTests": 59,
  "openHandles": [],
  "snapshot": {
    "added": 0,
    "didUpdate": false,
    "failure": false,
    "filesAdded": 0,
    "filesRemoved": 0,
    "filesRemovedList": [],
    "filesUnmatched": 0,
    "filesUpdated": 0,
    "matched": 0,
    "total": 0,
    "unchecked": 0,
    "uncheckedKeysByFile": [],
    "unmatched": 0,
    "updated": 0
  },
  "startTime": 1584473202846,
  "success": false,
  "testResults": [
    {
      "leaks": false,
      "numFailingTests": 4,
      "numPassingTests": 15,
      "numPendingTests": 1,
      "numTodoTests": 0,
      "openHandles": [],
      "perfStats": {
        "end": 1584473203552,
        "start": 1584473202955
      },
      "skipped": false,
      "snapshot": {
        "added": 0,
        "fileDeleted": false,
        "matched": 0,
        "unchecked": 0,
        "unmatched": 0,
        "updated": 0,
        "uncheckedKeys": []
      },
      "testFilePath": "/Users/yonigoldberg/Solutions/testing-workshop/clean-testing/src/test/transfer-service-test-edit.js",
      "testResults": [
        {
          "ancestorTitles": [
            "Transfer Service"
          ],
          "duration": 2,
          "failureMessages": [
            "TypeError: Cannot read property 'name' of undefined\n    at Object.<anonymous> (/Users/yonigoldberg/Solutions/testing-workshop/clean-testing/src/test/transfer-service-test-edit.js:27:91)\n    at Object.asyncJestTest (/Users/yonigoldberg/Solutions/testing-workshop/clean-testing/node_modules/jest-jasmine2/build/jasmineAsyncInstall.js:100:37)\n    at /Users/yonigoldberg/Solutions/testing-workshop/clean-testing/node_modules/jest-jasmine2/build/queueRunner.js:43:12\n    at new Promise (<anonymous>)\n    at mapper (/Users/yonigoldberg/Solutions/testing-workshop/clean-testing/node_modules/jest-jasmine2/build/queueRunner.js:26:19)\n    at /Users/yonigoldberg/Solutions/testing-workshop/clean-testing/node_modules/jest-jasmine2/build/queueRunner.js:73:41\n    at processTicksAndRejections (internal/process/task_queues.js:93:5)"
          ],
          "fullName": "Transfer Service Transfer service -> When not enough credit, then transfer should not be saved",
          "location": null,
          "numPassingAsserts": 0,
          "status": "failed",
          "title": "Transfer service -> When not enough credit, then transfer should not be saved"
        },
        {
          "ancestorTitles": [
            "Transfer Service"
          ],
          "duration": 10,
          "failureMessages": [],
          "fullName": "Transfer Service Should throw exception",
          "location": null,
          "numPassingAsserts": 0,
          "status": "passed",
          "title": "Should throw exception"
        },
        {
          "ancestorTitles": [
            "Transfer Service"
          ],
          "duration": 3,
          "failureMessages": [],
          "fullName": "Transfer Service When user is deleted, should not approve the transfer",
          "location": null,
          "numPassingAsserts": 0,
          "status": "passed",
          "title": "When user is deleted, should not approve the transfer"
        },
        {
          "ancestorTitles": [
            "Transfer Service"
          ],
          "duration": 3,
          "failureMessages": [],
          "fullName": "Transfer Service When user has no credit, should not approve the transfer",
          "location": null,
          "numPassingAsserts": 0,
          "status": "passed",
          "title": "When user has no credit, should not approve the transfer"
        },
        {
          "ancestorTitles": [
            "Transfer Service"
          ],
          "duration": 3,
          "failureMessages": [],
          "fullName": "Transfer Service When receiver lives in forbidden country, should not approve the transfer",
          "location": null,
          "numPassingAsserts": 0,
          "status": "passed",
          "title": "When receiver lives in forbidden country, should not approve the transfer"
        },
        {
          "ancestorTitles": [
            "Transfer Service"
          ],
          "duration": 5,
          "failureMessages": [
            "Error: expect(received).toBe(expected) // Object.is equality\n\nExpected: false\nReceived: true\n    at Object.<anonymous> (/Users/yonigoldberg/Solutions/testing-workshop/clean-testing/src/test/transfer-service-test-edit.js:80:18)\n    at Object.asyncJestTest (/Users/yonigoldberg/Solutions/testing-workshop/clean-testing/node_modules/jest-jasmine2/build/jasmineAsyncInstall.js:100:37)\n    at /Users/yonigoldberg/Solutions/testing-workshop/clean-testing/node_modules/jest-jasmine2/build/queueRunner.js:43:12\n    at new Promise (<anonymous>)\n    at mapper (/Users/yonigoldberg/Solutions/testing-workshop/clean-testing/node_modules/jest-jasmine2/build/queueRunner.js:26:19)\n    at /Users/yonigoldberg/Solutions/testing-workshop/clean-testing/node_modules/jest-jasmine2/build/queueRunner.js:73:41\n    at processTicksAndRejections (internal/process/task_queues.js:93:5)"
          ],
          "fullName": "Transfer Service When no sender specified, should throw invalid details error",
          "location": null,
          "numPassingAsserts": 0,
          "status": "failed",
          "title": "When no sender specified, should throw invalid details error"
        },
        {
          "ancestorTitles": [
            "Transfer Service"
          ],
          "duration": 3,
          "failureMessages": [
            "Error: expect(received).toBe(expected) // Object.is equality\n\nExpected: false\nReceived: true\n    at Object.<anonymous> (/Users/yonigoldberg/Solutions/testing-workshop/clean-testing/src/test/transfer-service-test-edit.js:85:18)\n    at Object.asyncJestTest (/Users/yonigoldberg/Solutions/testing-workshop/clean-testing/node_modules/jest-jasmine2/build/jasmineAsyncInstall.js:100:37)\n    at /Users/yonigoldberg/Solutions/testing-workshop/clean-testing/node_modules/jest-jasmine2/build/queueRunner.js:43:12\n    at new Promise (<anonymous>)\n    at mapper (/Users/yonigoldberg/Solutions/testing-workshop/clean-testing/node_modules/jest-jasmine2/build/queueRunner.js:26:19)\n    at /Users/yonigoldberg/Solutions/testing-workshop/clean-testing/node_modules/jest-jasmine2/build/queueRunner.js:73:41\n    at processTicksAndRejections (internal/process/task_queues.js:93:5)"
          ],
          "fullName": "Transfer Service When no receiver specified, should throw invalid details error",
          "location": null,
          "numPassingAsserts": 0,
          "status": "failed",
          "title": "When no receiver specified, should throw invalid details error"
        },
        {
          "ancestorTitles": [
            "Transfer Service"
          ],
          "duration": 3,
          "failureMessages": [],
          "fullName": "Transfer Service When no bank specified, should throw invalid details error",
          "location": null,
          "numPassingAsserts": 0,
          "status": "passed",
          "title": "When no bank specified, should throw invalid details error"
        },
        {
          "ancestorTitles": [
            "Transfer Service"
          ],
          "duration": 2,
          "failureMessages": [],
          "fullName": "Transfer Service When user did not confirm his account, should not approve the transfer",
          "location": null,
          "numPassingAsserts": 0,
          "status": "passed",
          "title": "When user did not confirm his account, should not approve the transfer"
        },
        {
          "ancestorTitles": [
            "Transfer Service"
          ],
          "duration": 3,
          "failureMessages": [],
          "fullName": "Transfer Service When user has enough credit, should approve the transfer",
          "location": null,
          "numPassingAsserts": 0,
          "status": "passed",
          "title": "When user has enough credit, should approve the transfer"
        },
        {
          "ancestorTitles": [
            "Transfer Service"
          ],
          "duration": 3,
          "failureMessages": [],
          "fullName": "Transfer Service When transfer is successful, should send mail to receiver",
          "location": null,
          "numPassingAsserts": 0,
          "status": "passed",
          "title": "When transfer is successful, should send mail to receiver"
        },
        {
          "ancestorTitles": [
            "Transfer Service"
          ],
          "duration": 3,
          "failureMessages": [],
          "fullName": "Transfer Service When transfer is successful, receiver balance should get topped up",
          "location": null,
          "numPassingAsserts": 0,
          "status": "passed",
          "title": "When transfer is successful, receiver balance should get topped up"
        },
        {
          "ancestorTitles": [
            "Transfer Service"
          ],
          "duration": 3,
          "failureMessages": [
            "Error: expect(received).toBe(expected) // Object.is equality\n\nExpected: false\nReceived: true\n    at Object.<anonymous> (/Users/yonigoldberg/Solutions/testing-workshop/clean-testing/src/test/transfer-service-test-edit.js:116:18)\n    at Object.asyncJestTest (/Users/yonigoldberg/Solutions/testing-workshop/clean-testing/node_modules/jest-jasmine2/build/jasmineAsyncInstall.js:100:37)\n    at /Users/yonigoldberg/Solutions/testing-workshop/clean-testing/node_modules/jest-jasmine2/build/queueRunner.js:43:12\n    at new Promise (<anonymous>)\n    at mapper (/Users/yonigoldberg/Solutions/testing-workshop/clean-testing/node_modules/jest-jasmine2/build/queueRunner.js:26:19)\n    at /Users/yonigoldberg/Solutions/testing-workshop/clean-testing/node_modules/jest-jasmine2/build/queueRunner.js:73:41\n    at processTicksAndRejections (internal/process/task_queues.js:93:5)"
          ],
          "fullName": "Transfer Service When no amount specified, should throw invalid details error",
          "location": null,
          "numPassingAsserts": 0,
          "status": "failed",
          "title": "When no amount specified, should throw invalid details error"
        },
        {
          "ancestorTitles": [
            "Transfer Service"
          ],
          "duration": 4,
          "failureMessages": [],
          "fullName": "Transfer Service When transfer is with different currency, receiver gets using his own currency",
          "location": null,
          "numPassingAsserts": 0,
          "status": "passed",
          "title": "When transfer is with different currency, receiver gets using his own currency"
        },
        {
          "ancestorTitles": [
            "Transfer Service"
          ],
          "duration": 3,
          "failureMessages": [],
          "fullName": "Transfer Service When sender from Italy sends a valid payment, transfer is approved",
          "location": null,
          "numPassingAsserts": 0,
          "status": "passed",
          "title": "When sender from Italy sends a valid payment, transfer is approved"
        },
        {
          "ancestorTitles": [
            "Transfer Service"
          ],
          "duration": 3,
          "failureMessages": [],
          "fullName": "Transfer Service When sender from India sends a valid payment, transfer is approved",
          "location": null,
          "numPassingAsserts": 0,
          "status": "passed",
          "title": "When sender from India sends a valid payment, transfer is approved"
        },
        {
          "ancestorTitles": [
            "Transfer Service"
          ],
          "duration": 2,
          "failureMessages": [],
          "fullName": "Transfer Service When sender from US sends a valid payment, transfer is approved",
          "location": null,
          "numPassingAsserts": 0,
          "status": "passed",
          "title": "When sender from US sends a valid payment, transfer is approved"
        },
        {
          "ancestorTitles": [
            "Transfer Service"
          ],
          "duration": 2,
          "failureMessages": [],
          "fullName": "Transfer Service When sender from Germany sends a valid payment, transfer is approved",
          "location": null,
          "numPassingAsserts": 0,
          "status": "passed",
          "title": "When sender from Germany sends a valid payment, transfer is approved"
        },
        {
          "ancestorTitles": [
            "Transfer Service"
          ],
          "duration": 3,
          "failureMessages": [],
          "fullName": "Transfer Service When sender from Argentina sends a valid payment, transfer is approved",
          "location": null,
          "numPassingAsserts": 0,
          "status": "passed",
          "title": "When sender from Argentina sends a valid payment, transfer is approved"
        },
        {
          "ancestorTitles": [
            "Transfer Service"
          ],
          "duration": 0,
          "failureMessages": [],
          "fullName": "Transfer Service When trying to exceed credit, transfer doesnt appear in user history",
          "location": null,
          "numPassingAsserts": 0,
          "status": "pending",
          "title": "When trying to exceed credit, transfer doesnt appear in user history"
        }
      ],
      "failureMessage": "  ● Transfer Service › Transfer service -> When not enough credit, then transfer should not be saved\n\n    TypeError: Cannot read property 'name' of undefined\n\n      25 |     const unauthorizedTransferToAdd = testHelpers.factorMoneyTransfer({});\n      26 |     const transferResponse = serviceUnderTest.transfer(fromWhomUser, {}, 110, 'Bank of America');\n    > 27 |     const allUserTransfers = serviceUnderTest.getTransfers(unauthorizedTransferToAdd.user.name);\n         |                                                                                           ^\n      28 |     expect(transferResponse.status).toBe('declined');\n      29 |     expect(serviceUnderTest.lastOneApproved).toBe(false);\n      30 | \n\n      at Object.<anonymous> (src/test/transfer-service-test-edit.js:27:91)\n\n  ● Transfer Service › When no sender specified, should throw invalid details error\n\n    expect(received).toBe(expected) // Object.is equality\n\n    Expected: false\n    Received: true\n\n      78 |   test('When no sender specified, should throw invalid details error', () => {\n      79 |     // This test is here only to exemplify how big test reports look like\n    > 80 |     expect(true).toBe(false);\n         |                  ^\n      81 |   });\n      82 | \n      83 |   test('When no receiver specified, should throw invalid details error', () => {\n\n      at Object.<anonymous> (src/test/transfer-service-test-edit.js:80:18)\n\n  ● Transfer Service › When no receiver specified, should throw invalid details error\n\n    expect(received).toBe(expected) // Object.is equality\n\n    Expected: false\n    Received: true\n\n      83 |   test('When no receiver specified, should throw invalid details error', () => {\n      84 |     // This test is here only to exemplify how big test reports look like\n    > 85 |     expect(true).toBe(false);\n         |                  ^\n      86 |   });\n      87 | \n      88 | \n\n      at Object.<anonymous> (src/test/transfer-service-test-edit.js:85:18)\n\n  ● Transfer Service › When no amount specified, should throw invalid details error\n\n    expect(received).toBe(expected) // Object.is equality\n\n    Expected: false\n    Received: true\n\n      114 |   test('When no amount specified, should throw invalid details error', () => {\n      115 |     // This test is here only to exemplify how big test reports look like\n    > 116 |     expect(true).toBe(false);\n          |                  ^\n      117 |   });\n      118 | \n      119 |   test('When transfer is with different currency, receiver gets using his own currency', () => {\n\n      at Object.<anonymous> (src/test/transfer-service-test-edit.js:116:18)\n"
    },
    {
      "leaks": false,
      "numFailingTests": 3,
      "numPassingTests": 16,
      "numPendingTests": 0,
      "numTodoTests": 0,
      "openHandles": [],
      "perfStats": {
        "end": 1584473203792,
        "start": 1584473203574
      },
      "skipped": false,
      "snapshot": {
        "added": 0,
        "fileDeleted": false,
        "matched": 0,
        "unchecked": 0,
        "unmatched": 0,
        "updated": 0,
        "uncheckedKeys": []
      },
      "testFilePath": "/Users/yonigoldberg/Solutions/testing-workshop/clean-testing/src/test/transfer-service-test-final.js",
      "testResults": [
        {
          "ancestorTitles": [
            "Transfer Service",
            "Happy path"
          ],
          "duration": 4,
          "failureMessages": [],
          "fullName": "Transfer Service Happy path When transfer is with different currency, receiver gets using his own currency",
          "location": null,
          "numPassingAsserts": 0,
          "status": "passed",
          "title": "When transfer is with different currency, receiver gets using his own currency"
        },
        {
          "ancestorTitles": [
            "Transfer Service",
            "Happy path"
          ],
          "duration": 2,
          "failureMessages": [],
          "fullName": "Transfer Service Happy path When transfer is valid, get back a positive result",
          "location": null,
          "numPassingAsserts": 0,
          "status": "passed",
          "title": "When transfer is valid, get back a positive result"
        },
        {
          "ancestorTitles": [
            "Transfer Service",
            "Happy path"
          ],
          "duration": 2,
          "failureMessages": [],
          "fullName": "Transfer Service Happy path When transfer is valid, a mail is sent to the receiver",
          "location": null,
          "numPassingAsserts": 0,
          "status": "passed",
          "title": "When transfer is valid, a mail is sent to the receiver"
        },
        {
          "ancestorTitles": [
            "Transfer Service",
            "Missing inputs"
          ],
          "duration": 4,
          "failureMessages": [
            "Error: expect(received).toBe(expected) // Object.is equality\n\nExpected: false\nReceived: true\n    at Object.<anonymous> (/Users/yonigoldberg/Solutions/testing-workshop/clean-testing/src/test/transfer-service-test-final.js:24:20)\n    at Object.asyncJestTest (/Users/yonigoldberg/Solutions/testing-workshop/clean-testing/node_modules/jest-jasmine2/build/jasmineAsyncInstall.js:100:37)\n    at /Users/yonigoldberg/Solutions/testing-workshop/clean-testing/node_modules/jest-jasmine2/build/queueRunner.js:43:12\n    at new Promise (<anonymous>)\n    at mapper (/Users/yonigoldberg/Solutions/testing-workshop/clean-testing/node_modules/jest-jasmine2/build/queueRunner.js:26:19)\n    at /Users/yonigoldberg/Solutions/testing-workshop/clean-testing/node_modules/jest-jasmine2/build/queueRunner.js:73:41"
          ],
          "fullName": "Transfer Service Missing inputs When no amount specified, should throw invalid details error",
          "location": null,
          "numPassingAsserts": 0,
          "status": "failed",
          "title": "When no amount specified, should throw invalid details error"
        },
        {
          "ancestorTitles": [
            "Transfer Service",
            "Missing inputs"
          ],
          "duration": 2,
          "failureMessages": [
            "Error: expect(received).toBe(expected) // Object.is equality\n\nExpected: false\nReceived: true\n    at Object.<anonymous> (/Users/yonigoldberg/Solutions/testing-workshop/clean-testing/src/test/transfer-service-test-final.js:29:20)\n    at Object.asyncJestTest (/Users/yonigoldberg/Solutions/testing-workshop/clean-testing/node_modules/jest-jasmine2/build/jasmineAsyncInstall.js:100:37)\n    at /Users/yonigoldberg/Solutions/testing-workshop/clean-testing/node_modules/jest-jasmine2/build/queueRunner.js:43:12\n    at new Promise (<anonymous>)\n    at mapper (/Users/yonigoldberg/Solutions/testing-workshop/clean-testing/node_modules/jest-jasmine2/build/queueRunner.js:26:19)\n    at /Users/yonigoldberg/Solutions/testing-workshop/clean-testing/node_modules/jest-jasmine2/build/queueRunner.js:73:41"
          ],
          "fullName": "Transfer Service Missing inputs When no sender specified, should throw invalid details error",
          "location": null,
          "numPassingAsserts": 0,
          "status": "failed",
          "title": "When no sender specified, should throw invalid details error"
        },
        {
          "ancestorTitles": [
            "Transfer Service",
            "Missing inputs"
          ],
          "duration": 3,
          "failureMessages": [
            "Error: expect(received).toBe(expected) // Object.is equality\n\nExpected: false\nReceived: true\n    at Object.<anonymous> (/Users/yonigoldberg/Solutions/testing-workshop/clean-testing/src/test/transfer-service-test-final.js:34:20)\n    at Object.asyncJestTest (/Users/yonigoldberg/Solutions/testing-workshop/clean-testing/node_modules/jest-jasmine2/build/jasmineAsyncInstall.js:100:37)\n    at /Users/yonigoldberg/Solutions/testing-workshop/clean-testing/node_modules/jest-jasmine2/build/queueRunner.js:43:12\n    at new Promise (<anonymous>)\n    at mapper (/Users/yonigoldberg/Solutions/testing-workshop/clean-testing/node_modules/jest-jasmine2/build/queueRunner.js:26:19)\n    at /Users/yonigoldberg/Solutions/testing-workshop/clean-testing/node_modules/jest-jasmine2/build/queueRunner.js:73:41"
          ],
          "fullName": "Transfer Service Missing inputs When no receiver specified, should throw invalid details error",
          "location": null,
          "numPassingAsserts": 0,
          "status": "failed",
          "title": "When no receiver specified, should throw invalid details error"
        },
        {
          "ancestorTitles": [
            "Transfer Service",
            "Missing inputs"
          ],
          "duration": 2,
          "failureMessages": [],
          "fullName": "Transfer Service Missing inputs When no bank specified, should throw invalid details error",
          "location": null,
          "numPassingAsserts": 0,
          "status": "passed",
          "title": "When no bank specified, should throw invalid details error"
        },
        {
          "ancestorTitles": [
            "Transfer Service",
            "Post transfer actions"
          ],
          "duration": 4,
          "failureMessages": [],
          "fullName": "Transfer Service Post transfer actions When transfer is successful, should send mail to receiver",
          "location": null,
          "numPassingAsserts": 0,
          "status": "passed",
          "title": "When transfer is successful, should send mail to receiver"
        },
        {
          "ancestorTitles": [
            "Transfer Service",
            "Post transfer actions"
          ],
          "duration": 3,
          "failureMessages": [],
          "fullName": "Transfer Service Post transfer actions When transfer is successful, receiver balance should get topped up",
          "location": null,
          "numPassingAsserts": 0,
          "status": "passed",
          "title": "When transfer is successful, receiver balance should get topped up"
        },
        {
          "ancestorTitles": [
            "Transfer Service",
            "Post transfer actions"
          ],
          "duration": 2,
          "failureMessages": [],
          "fullName": "Transfer Service Post transfer actions When transfer is successful, sender balance is updated with the transfer amount",
          "location": null,
          "numPassingAsserts": 0,
          "status": "passed",
          "title": "When transfer is successful, sender balance is updated with the transfer amount"
        },
        {
          "ancestorTitles": [
            "Transfer Service",
            "Post transfer actions"
          ],
          "duration": 3,
          "failureMessages": [],
          "fullName": "Transfer Service Post transfer actions When trying to exceed credit, transfer doesnt appear in user history",
          "location": null,
          "numPassingAsserts": 0,
          "status": "passed",
          "title": "When trying to exceed credit, transfer doesnt appear in user history"
        },
        {
          "ancestorTitles": [
            "Transfer Service",
            "No credit"
          ],
          "duration": 2,
          "failureMessages": [],
          "fullName": "Transfer Service No credit When user is deleted, should not approve the transfer",
          "location": null,
          "numPassingAsserts": 0,
          "status": "passed",
          "title": "When user is deleted, should not approve the transfer"
        },
        {
          "ancestorTitles": [
            "Transfer Service",
            "No credit"
          ],
          "duration": 3,
          "failureMessages": [],
          "fullName": "Transfer Service No credit When user has no credit, should not approve the transfer",
          "location": null,
          "numPassingAsserts": 0,
          "status": "passed",
          "title": "When user has no credit, should not approve the transfer"
        },
        {
          "ancestorTitles": [
            "Transfer Service",
            "No credit"
          ],
          "duration": 3,
          "failureMessages": [],
          "fullName": "Transfer Service No credit When receiver lives in forbidden country, should not approve the transfer",
          "location": null,
          "numPassingAsserts": 0,
          "status": "passed",
          "title": "When receiver lives in forbidden country, should not approve the transfer"
        },
        {
          "ancestorTitles": [
            "Transfer Service",
            "By Countries"
          ],
          "duration": 2,
          "failureMessages": [],
          "fullName": "Transfer Service By Countries When sender from Italy sends a valid payment, transfer is approved",
          "location": null,
          "numPassingAsserts": 0,
          "status": "passed",
          "title": "When sender from Italy sends a valid payment, transfer is approved"
        },
        {
          "ancestorTitles": [
            "Transfer Service",
            "By Countries"
          ],
          "duration": 3,
          "failureMessages": [],
          "fullName": "Transfer Service By Countries When sender from India sends a valid payment, transfer is approved",
          "location": null,
          "numPassingAsserts": 0,
          "status": "passed",
          "title": "When sender from India sends a valid payment, transfer is approved"
        },
        {
          "ancestorTitles": [
            "Transfer Service",
            "By Countries"
          ],
          "duration": 3,
          "failureMessages": [],
          "fullName": "Transfer Service By Countries When sender from US sends a valid payment, transfer is approved",
          "location": null,
          "numPassingAsserts": 0,
          "status": "passed",
          "title": "When sender from US sends a valid payment, transfer is approved"
        },
        {
          "ancestorTitles": [
            "Transfer Service",
            "By Countries"
          ],
          "duration": 3,
          "failureMessages": [],
          "fullName": "Transfer Service By Countries When sender from Germany sends a valid payment, transfer is approved",
          "location": null,
          "numPassingAsserts": 0,
          "status": "passed",
          "title": "When sender from Germany sends a valid payment, transfer is approved"
        },
        {
          "ancestorTitles": [
            "Transfer Service",
            "By Countries"
          ],
          "duration": 2,
          "failureMessages": [],
          "fullName": "Transfer Service By Countries When sender from Argentina sends a valid payment, transfer is approved",
          "location": null,
          "numPassingAsserts": 0,
          "status": "passed",
          "title": "When sender from Argentina sends a valid payment, transfer is approved"
        }
      ],
      "failureMessage": "  ● Transfer Service › Missing inputs › When no amount specified, should throw invalid details error\n\n    expect(received).toBe(expected) // Object.is equality\n\n    Expected: false\n    Received: true\n\n      22 |     test('When no amount specified, should throw invalid details error', () => {\n      23 |       // This test is here only to exemplify how big test reports look like\n    > 24 |       expect(true).toBe(false);\n         |                    ^\n      25 |     });\n      26 | \n      27 |     test('When no sender specified, should throw invalid details error', () => {\n\n      at Object.<anonymous> (src/test/transfer-service-test-final.js:24:20)\n\n  ● Transfer Service › Missing inputs › When no sender specified, should throw invalid details error\n\n    expect(received).toBe(expected) // Object.is equality\n\n    Expected: false\n    Received: true\n\n      27 |     test('When no sender specified, should throw invalid details error', () => {\n      28 |       // This test is here only to exemplify how big test reports look like\n    > 29 |       expect(true).toBe(false);\n         |                    ^\n      30 |     });\n      31 | \n      32 |     test('When no receiver specified, should throw invalid details error', () => {\n\n      at Object.<anonymous> (src/test/transfer-service-test-final.js:29:20)\n\n  ● Transfer Service › Missing inputs › When no receiver specified, should throw invalid details error\n\n    expect(received).toBe(expected) // Object.is equality\n\n    Expected: false\n    Received: true\n\n      32 |     test('When no receiver specified, should throw invalid details error', () => {\n      33 |       // This test is here only to exemplify how big test reports look like\n    > 34 |       expect(true).toBe(false);\n         |                    ^\n      35 |     });\n      36 | \n      37 | \n\n      at Object.<anonymous> (src/test/transfer-service-test-final.js:34:20)\n"
    },
    {
      "leaks": false,
      "numFailingTests": 4,
      "numPassingTests": 15,
      "numPendingTests": 1,
      "numTodoTests": 0,
      "openHandles": [],
      "perfStats": {
        "end": 1584473204045,
        "start": 1584473203828
      },
      "skipped": false,
      "snapshot": {
        "added": 0,
        "fileDeleted": false,
        "matched": 0,
        "unchecked": 0,
        "unmatched": 0,
        "updated": 0,
        "uncheckedKeys": []
      },
      "testFilePath": "/Users/yonigoldberg/Solutions/testing-workshop/clean-testing/src/test/transfer-service-test-start.js",
      "testResults": [
        {
          "ancestorTitles": [
            "Transfer Service"
          ],
          "duration": 1,
          "failureMessages": [
            "TypeError: Cannot read property 'name' of undefined\n    at Object.<anonymous> (/Users/yonigoldberg/Solutions/testing-workshop/clean-testing/src/test/transfer-service-test-start.js:28:91)\n    at Object.asyncJestTest (/Users/yonigoldberg/Solutions/testing-workshop/clean-testing/node_modules/jest-jasmine2/build/jasmineAsyncInstall.js:100:37)\n    at /Users/yonigoldberg/Solutions/testing-workshop/clean-testing/node_modules/jest-jasmine2/build/queueRunner.js:43:12\n    at new Promise (<anonymous>)\n    at mapper (/Users/yonigoldberg/Solutions/testing-workshop/clean-testing/node_modules/jest-jasmine2/build/queueRunner.js:26:19)\n    at /Users/yonigoldberg/Solutions/testing-workshop/clean-testing/node_modules/jest-jasmine2/build/queueRunner.js:73:41"
          ],
          "fullName": "Transfer Service Should fail",
          "location": null,
          "numPassingAsserts": 0,
          "status": "failed",
          "title": "Should fail"
        },
        {
          "ancestorTitles": [
            "Transfer Service"
          ],
          "duration": 6,
          "failureMessages": [],
          "fullName": "Transfer Service Should throw exception",
          "location": null,
          "numPassingAsserts": 0,
          "status": "passed",
          "title": "Should throw exception"
        },
        {
          "ancestorTitles": [
            "Transfer Service"
          ],
          "duration": 5,
          "failureMessages": [],
          "fullName": "Transfer Service When user is deleted, should not approve the transfer",
          "location": null,
          "numPassingAsserts": 0,
          "status": "passed",
          "title": "When user is deleted, should not approve the transfer"
        },
        {
          "ancestorTitles": [
            "Transfer Service"
          ],
          "duration": 2,
          "failureMessages": [],
          "fullName": "Transfer Service When user has no credit, should not approve the transfer",
          "location": null,
          "numPassingAsserts": 0,
          "status": "passed",
          "title": "When user has no credit, should not approve the transfer"
        },
        {
          "ancestorTitles": [
            "Transfer Service"
          ],
          "duration": 3,
          "failureMessages": [],
          "fullName": "Transfer Service When receiver lives in forbidden country, should not approve the transfer",
          "location": null,
          "numPassingAsserts": 0,
          "status": "passed",
          "title": "When receiver lives in forbidden country, should not approve the transfer"
        },
        {
          "ancestorTitles": [
            "Transfer Service"
          ],
          "duration": 5,
          "failureMessages": [
            "Error: expect(received).toBe(expected) // Object.is equality\n\nExpected: false\nReceived: true\n    at Object.<anonymous> (/Users/yonigoldberg/Solutions/testing-workshop/clean-testing/src/test/transfer-service-test-start.js:89:18)\n    at Object.asyncJestTest (/Users/yonigoldberg/Solutions/testing-workshop/clean-testing/node_modules/jest-jasmine2/build/jasmineAsyncInstall.js:100:37)\n    at /Users/yonigoldberg/Solutions/testing-workshop/clean-testing/node_modules/jest-jasmine2/build/queueRunner.js:43:12\n    at new Promise (<anonymous>)\n    at mapper (/Users/yonigoldberg/Solutions/testing-workshop/clean-testing/node_modules/jest-jasmine2/build/queueRunner.js:26:19)\n    at /Users/yonigoldberg/Solutions/testing-workshop/clean-testing/node_modules/jest-jasmine2/build/queueRunner.js:73:41"
          ],
          "fullName": "Transfer Service When no sender specified, should throw invalid details error",
          "location": null,
          "numPassingAsserts": 0,
          "status": "failed",
          "title": "When no sender specified, should throw invalid details error"
        },
        {
          "ancestorTitles": [
            "Transfer Service"
          ],
          "duration": 3,
          "failureMessages": [
            "Error: expect(received).toBe(expected) // Object.is equality\n\nExpected: false\nReceived: true\n    at Object.<anonymous> (/Users/yonigoldberg/Solutions/testing-workshop/clean-testing/src/test/transfer-service-test-start.js:94:18)\n    at Object.asyncJestTest (/Users/yonigoldberg/Solutions/testing-workshop/clean-testing/node_modules/jest-jasmine2/build/jasmineAsyncInstall.js:100:37)\n    at /Users/yonigoldberg/Solutions/testing-workshop/clean-testing/node_modules/jest-jasmine2/build/queueRunner.js:43:12\n    at new Promise (<anonymous>)\n    at mapper (/Users/yonigoldberg/Solutions/testing-workshop/clean-testing/node_modules/jest-jasmine2/build/queueRunner.js:26:19)\n    at /Users/yonigoldberg/Solutions/testing-workshop/clean-testing/node_modules/jest-jasmine2/build/queueRunner.js:73:41"
          ],
          "fullName": "Transfer Service When no receiver specified, should throw invalid details error",
          "location": null,
          "numPassingAsserts": 0,
          "status": "failed",
          "title": "When no receiver specified, should throw invalid details error"
        },
        {
          "ancestorTitles": [
            "Transfer Service"
          ],
          "duration": 2,
          "failureMessages": [],
          "fullName": "Transfer Service When no bank specified, should throw invalid details error",
          "location": null,
          "numPassingAsserts": 0,
          "status": "passed",
          "title": "When no bank specified, should throw invalid details error"
        },
        {
          "ancestorTitles": [
            "Transfer Service"
          ],
          "duration": 3,
          "failureMessages": [],
          "fullName": "Transfer Service When user did not confirm his account, should not approve the transfer",
          "location": null,
          "numPassingAsserts": 0,
          "status": "passed",
          "title": "When user did not confirm his account, should not approve the transfer"
        },
        {
          "ancestorTitles": [
            "Transfer Service"
          ],
          "duration": 2,
          "failureMessages": [],
          "fullName": "Transfer Service When user has enough credit, should approve the transfer",
          "location": null,
          "numPassingAsserts": 0,
          "status": "passed",
          "title": "When user has enough credit, should approve the transfer"
        },
        {
          "ancestorTitles": [
            "Transfer Service"
          ],
          "duration": 2,
          "failureMessages": [],
          "fullName": "Transfer Service When transfer is successful, should send mail to receiver",
          "location": null,
          "numPassingAsserts": 0,
          "status": "passed",
          "title": "When transfer is successful, should send mail to receiver"
        },
        {
          "ancestorTitles": [
            "Transfer Service"
          ],
          "duration": 2,
          "failureMessages": [],
          "fullName": "Transfer Service When transfer is successful, receiver balance should get topped up",
          "location": null,
          "numPassingAsserts": 0,
          "status": "passed",
          "title": "When transfer is successful, receiver balance should get topped up"
        },
        {
          "ancestorTitles": [
            "Transfer Service"
          ],
          "duration": 5,
          "failureMessages": [
            "Error: expect(received).toBe(expected) // Object.is equality\n\nExpected: false\nReceived: true\n    at Object.<anonymous> (/Users/yonigoldberg/Solutions/testing-workshop/clean-testing/src/test/transfer-service-test-start.js:125:18)\n    at Object.asyncJestTest (/Users/yonigoldberg/Solutions/testing-workshop/clean-testing/node_modules/jest-jasmine2/build/jasmineAsyncInstall.js:100:37)\n    at /Users/yonigoldberg/Solutions/testing-workshop/clean-testing/node_modules/jest-jasmine2/build/queueRunner.js:43:12\n    at new Promise (<anonymous>)\n    at mapper (/Users/yonigoldberg/Solutions/testing-workshop/clean-testing/node_modules/jest-jasmine2/build/queueRunner.js:26:19)\n    at /Users/yonigoldberg/Solutions/testing-workshop/clean-testing/node_modules/jest-jasmine2/build/queueRunner.js:73:41"
          ],
          "fullName": "Transfer Service When no amount specified, should throw invalid details error",
          "location": null,
          "numPassingAsserts": 0,
          "status": "failed",
          "title": "When no amount specified, should throw invalid details error"
        },
        {
          "ancestorTitles": [
            "Transfer Service"
          ],
          "duration": 3,
          "failureMessages": [],
          "fullName": "Transfer Service When transfer is with different currency, receiver gets using his own currency",
          "location": null,
          "numPassingAsserts": 0,
          "status": "passed",
          "title": "When transfer is with different currency, receiver gets using his own currency"
        },
        {
          "ancestorTitles": [
            "Transfer Service"
          ],
          "duration": 2,
          "failureMessages": [],
          "fullName": "Transfer Service When sender from Italy sends a valid payment, transfer is approved",
          "location": null,
          "numPassingAsserts": 0,
          "status": "passed",
          "title": "When sender from Italy sends a valid payment, transfer is approved"
        },
        {
          "ancestorTitles": [
            "Transfer Service"
          ],
          "duration": 2,
          "failureMessages": [],
          "fullName": "Transfer Service When sender from India sends a valid payment, transfer is approved",
          "location": null,
          "numPassingAsserts": 0,
          "status": "passed",
          "title": "When sender from India sends a valid payment, transfer is approved"
        },
        {
          "ancestorTitles": [
            "Transfer Service"
          ],
          "duration": 2,
          "failureMessages": [],
          "fullName": "Transfer Service When sender from US sends a valid payment, transfer is approved",
          "location": null,
          "numPassingAsserts": 0,
          "status": "passed",
          "title": "When sender from US sends a valid payment, transfer is approved"
        },
        {
          "ancestorTitles": [
            "Transfer Service"
          ],
          "duration": 3,
          "failureMessages": [],
          "fullName": "Transfer Service When sender from Germany sends a valid payment, transfer is approved",
          "location": null,
          "numPassingAsserts": 0,
          "status": "passed",
          "title": "When sender from Germany sends a valid payment, transfer is approved"
        },
        {
          "ancestorTitles": [
            "Transfer Service"
          ],
          "duration": 3,
          "failureMessages": [],
          "fullName": "Transfer Service When sender from Argentina sends a valid payment, transfer is approved",
          "location": null,
          "numPassingAsserts": 0,
          "status": "passed",
          "title": "When sender from Argentina sends a valid payment, transfer is approved"
        },
        {
          "ancestorTitles": [
            "Transfer Service"
          ],
          "duration": 0,
          "failureMessages": [],
          "fullName": "Transfer Service When trying to exceed credit, transfer doesnt appear in user history",
          "location": null,
          "numPassingAsserts": 0,
          "status": "pending",
          "title": "When trying to exceed credit, transfer doesnt appear in user history"
        }
      ],
      "failureMessage": "  ● Transfer Service › Should fail\n\n    TypeError: Cannot read property 'name' of undefined\n\n      26 |     const unauthorizedTransferToAdd = testHelpers.factorMoneyTransfer({});\n      27 |     const transferResponse = serviceUnderTest.transfer(fromWhomUser, {}, 110, 'Bank of America');\n    > 28 |     const allUserTransfers = serviceUnderTest.getTransfers(unauthorizedTransferToAdd.user.name);\n         |                                                                                           ^\n      29 |     expect(transferResponse.status).toBe('declined');\n      30 |     expect(serviceUnderTest.lastOneApproved).toBe(false);\n      31 | \n\n      at Object.<anonymous> (src/test/transfer-service-test-start.js:28:91)\n\n  ● Transfer Service › When no sender specified, should throw invalid details error\n\n    expect(received).toBe(expected) // Object.is equality\n\n    Expected: false\n    Received: true\n\n      87 |   test('When no sender specified, should throw invalid details error', () => {\n      88 |     // This test is here only to exemplify how big test reports look like\n    > 89 |     expect(true).toBe(false);\n         |                  ^\n      90 |   });\n      91 | \n      92 |   test('When no receiver specified, should throw invalid details error', () => {\n\n      at Object.<anonymous> (src/test/transfer-service-test-start.js:89:18)\n\n  ● Transfer Service › When no receiver specified, should throw invalid details error\n\n    expect(received).toBe(expected) // Object.is equality\n\n    Expected: false\n    Received: true\n\n      92 |   test('When no receiver specified, should throw invalid details error', () => {\n      93 |     // This test is here only to exemplify how big test reports look like\n    > 94 |     expect(true).toBe(false);\n         |                  ^\n      95 |   });\n      96 | \n      97 | \n\n      at Object.<anonymous> (src/test/transfer-service-test-start.js:94:18)\n\n  ● Transfer Service › When no amount specified, should throw invalid details error\n\n    expect(received).toBe(expected) // Object.is equality\n\n    Expected: false\n    Received: true\n\n      123 |   test('When no amount specified, should throw invalid details error', () => {\n      124 |     // This test is here only to exemplify how big test reports look like\n    > 125 |     expect(true).toBe(false);\n          |                  ^\n      126 |   });\n      127 | \n      128 |   test('When transfer is with different currency, receiver gets using his own currency', () => {\n\n      at Object.<anonymous> (src/test/transfer-service-test-start.js:125:18)\n"
    },
    {
      "displayName": "",
      "failureMessage": "  ● Test suite failed to run\n\n    Your test suite must contain at least one test.\n\n      at onResult (node_modules/@jest/core/build/TestScheduler.js:173:18)\n",
      "leaks": false,
      "numFailingTests": 0,
      "numPassingTests": 0,
      "numPendingTests": 0,
      "numTodoTests": 0,
      "openHandles": [],
      "perfStats": {
        "end": 0,
        "start": 0
      },
      "skipped": false,
      "snapshot": {
        "added": 0,
        "fileDeleted": false,
        "matched": 0,
        "unchecked": 0,
        "uncheckedKeys": [],
        "unmatched": 0,
        "updated": 0
      },
      "testExecError": {
        "message": "Your test suite must contain at least one test.",
        "stack": "Error: Your test suite must contain at least one test.\n    at onResult (/Users/yonigoldberg/Solutions/testing-workshop/clean-testing/node_modules/@jest/core/build/TestScheduler.js:173:18)\n    at /Users/yonigoldberg/Solutions/testing-workshop/clean-testing/node_modules/jest-runner/build/index.js:144:29"
      },
      "testFilePath": "/Users/yonigoldberg/Solutions/testing-workshop/clean-testing/src/test/test-helpers.js",
      "testResults": []
    }
  ],
  "wasInterrupted": false
}